
Processing sim_read.C...


####****#### Starting reading iteration: 0 ####****####


  qLY: 70, qQE: 70, AlS_r: 0, AlS_SS: 0, AlS_BS: 0
simrootfiles/events_absorber_100_LY70p_QE70p_AlSr0p_SS60p_BS0p.root
 FCN=12.4888 FROM MIGRAD    STATUS=CONVERGED     108 CALLS         109 TOTAL
                     EDM=4.21192e-09    STRATEGY= 1      ERROR MATRIX ACCURATE 
  EXT PARAMETER                                   STEP         FIRST   
  NO.   NAME      VALUE            ERROR          SIZE      DERIVATIVE 
   1  Constant     2.24963e+00   5.05462e-01   6.50057e-04  -2.13148e-04
   2  Mean         3.24952e+02   7.50074e+00   1.26581e-02  -6.72931e-06
   3  Sigma        2.87101e+01   1.04971e+01   2.09881e-04  -7.41896e-04


####****#### Starting reading iteration: 1 ####****####


  qLY: 70, qQE: 70, AlS_r: 8, AlS_SS: 0, AlS_BS: 0
simrootfiles/events_absorber_100_LY70p_QE70p_AlSr8p_SS60p_BS0p.root
 FCN=7.62491 FROM MIGRAD    STATUS=CONVERGED      94 CALLS          95 TOTAL
                     EDM=3.84266e-09    STRATEGY= 1      ERROR MATRIX ACCURATE 
  EXT PARAMETER                                   STEP         FIRST   
  NO.   NAME      VALUE            ERROR          SIZE      DERIVATIVE 
   1  Constant     2.14464e+00   4.45291e-01   4.77993e-04  -1.50183e-04
   2  Mean         3.56904e+02   8.62441e+00   1.21819e-02  -4.42826e-06
   3  Sigma        3.38333e+01   1.21629e+01   1.71812e-04   1.00234e-04


####****#### Starting reading iteration: 2 ####****####


  qLY: 70, qQE: 70, AlS_r: 16, AlS_SS: 0, AlS_BS: 0
simrootfiles/events_absorber_100_LY70p_QE70p_AlSr16p_SS60p_BS0p.root
 FCN=10.2703 FROM MIGRAD    STATUS=CONVERGED      90 CALLS          91 TOTAL
                     EDM=6.81527e-09    STRATEGY= 1      ERROR MATRIX ACCURATE 
  EXT PARAMETER                                   STEP         FIRST   
  NO.   NAME      VALUE            ERROR          SIZE      DERIVATIVE 
   1  Constant     1.98427e+00   4.83679e-01   5.60161e-04   1.71567e-04
   2  Mean         3.96447e+02   9.97661e+00   1.59897e-02   8.27474e-06
   3  Sigma        3.12039e+01   1.77152e+01   2.46311e-04  -7.87508e-05


####****#### Starting reading iteration: 3 ####****####


  qLY: 70, qQE: 70, AlS_r: 24, AlS_SS: 0, AlS_BS: 0
simrootfiles/events_absorber_100_LY70p_QE70p_AlSr24p_SS60p_BS0p.root
 FCN=13.8471 FROM MIGRAD    STATUS=CONVERGED      89 CALLS          90 TOTAL
                     EDM=1.33292e-08    STRATEGY= 1      ERROR MATRIX ACCURATE 
  EXT PARAMETER                                   STEP         FIRST   
  NO.   NAME      VALUE            ERROR          SIZE      DERIVATIVE 
   1  Constant     2.34941e+00   4.77720e-01   6.65144e-04  -3.36444e-04
   2  Mean         4.30564e+02   7.20834e+00   1.34570e-02   9.05118e-06
   3  Sigma        3.21397e+01   9.62364e+00   1.74910e-04  -1.28926e-04
